<?xml version="1.0" encoding="UTF-8"?>
<!-- Generated by org.testng.reporters.JUnitReportReporter -->
<testsuite skipped="0" hostname="ADMIN" name="script.ValidLogin" tests="1" failures="0" timestamp="05 Mar 2019 13:51:54 GMT" time="39.437" errors="0">
  <testcase name="testValidLogin" time="39.437" classname="script.ValidLogin"/>
</testsuite> <!-- script.ValidLogin -->
