<?xml version="1.0" encoding="UTF-8"?>
<!-- Generated by org.testng.reporters.JUnitReportReporter -->
<testsuite skipped="0" hostname="ADMIN" name="script.InValidLogin" tests="1" failures="0" timestamp="14 Apr 2019 16:35:56 GMT" time="45.378" errors="0">
  <testcase name="testInValidLogin" time="45.378" classname="script.InValidLogin"/>
</testsuite> <!-- script.InValidLogin -->
