<?xml version="1.0" encoding="UTF-8"?>
<!-- Generated by org.testng.reporters.JUnitReportReporter -->
<testsuite skipped="0" hostname="ADMIN" name="script.ValidLogin" tests="1" failures="0" timestamp="14 Apr 2019 16:35:56 GMT" time="15.184" errors="0">
  <testcase name="testValidLogin" time="15.184" classname="script.ValidLogin"/>
</testsuite> <!-- script.ValidLogin -->
