<?xml version="1.0" encoding="UTF-8"?>
<!-- Generated by org.testng.reporters.JUnitReportReporter -->
<testsuite skipped="0" hostname="ADMIN" name="script.CheckIssueDate" tests="1" failures="0" timestamp="05 May 2019 07:07:38 GMT" time="20.487" errors="0">
  <testcase name="testIssueDate" time="20.487" classname="script.CheckIssueDate"/>
</testsuite> <!-- script.CheckIssueDate -->
