<?xml version="1.0" encoding="UTF-8"?>
<!-- Generated by org.testng.reporters.JUnitReportReporter -->
<testsuite skipped="0" hostname="ADMIN" name="script.ValidLogin" tests="1" failures="0" timestamp="05 May 2019 07:05:08 GMT" time="50.432" errors="0">
  <testcase name="testValidLogin" time="50.432" classname="script.ValidLogin"/>
</testsuite> <!-- script.ValidLogin -->
