<?xml version="1.0" encoding="UTF-8"?>
<!-- Generated by org.testng.reporters.JUnitReportReporter -->
<testsuite skipped="0" hostname="ADMIN" name="script.InValidLogin" tests="1" failures="0" timestamp="05 May 2019 07:05:08 GMT" time="23.850" errors="0">
  <testcase name="testInValidLogin" time="23.850" classname="script.InValidLogin"/>
</testsuite> <!-- script.InValidLogin -->
