<?xml version="1.0" encoding="UTF-8"?>
<!-- Generated by org.testng.reporters.JUnitReportReporter -->
<testsuite skipped="0" hostname="ADMIN" name="script.Demo" tests="1" failures="0" timestamp="28 Feb 2019 09:43:19 GMT" time="0.032" errors="0">
  <testcase name="testA" time="0.032" classname="script.Demo"/>
</testsuite> <!-- script.Demo -->
