<?xml version="1.0" encoding="UTF-8"?>
<!-- Generated by org.testng.reporters.JUnitReportReporter -->
<testsuite skipped="0" hostname="ADMIN" name="script.CheckIssueDate" tests="1" failures="0" timestamp="05 Mar 2019 13:51:54 GMT" time="42.900" errors="0">
  <testcase name="testIssueDate" time="42.900" classname="script.CheckIssueDate"/>
</testsuite> <!-- script.CheckIssueDate -->
