<?xml version="1.0" encoding="UTF-8"?>
<!-- Generated by org.testng.reporters.JUnitReportReporter -->
<testsuite skipped="0" hostname="ADMIN" name="script.InValidLogin" tests="1" failures="0" timestamp="04 Mar 2019 15:26:08 GMT" time="42.025" errors="0">
  <testcase name="testInValidLogin" time="42.025" classname="script.InValidLogin"/>
</testsuite> <!-- script.InValidLogin -->
