<?xml version="1.0" encoding="UTF-8"?>
<!-- Generated by org.testng.reporters.JUnitReportReporter -->
<testsuite skipped="0" hostname="ADMIN" name="script.ValidLogin" tests="1" failures="0" timestamp="04 Mar 2019 15:27:16 GMT" time="41.131" errors="0">
  <testcase name="testValidLogin" time="41.131" classname="script.ValidLogin"/>
</testsuite> <!-- script.ValidLogin -->
