<?xml version="1.0" encoding="UTF-8"?>
<!-- Generated by org.testng.reporters.JUnitReportReporter -->
<testsuite skipped="0" hostname="ADMIN" name="script.InValidLogin" tests="1" failures="0" timestamp="27 Apr 2019 16:07:53 GMT" time="25.016" errors="0">
  <testcase name="testInValidLogin" time="25.016" classname="script.InValidLogin"/>
</testsuite> <!-- script.InValidLogin -->
