<?xml version="1.0" encoding="UTF-8"?>
<!-- Generated by org.testng.reporters.JUnitReportReporter -->
<testsuite skipped="0" hostname="ADMIN" name="script.CheckIssueDate" tests="1" failures="0" timestamp="14 Apr 2019 16:35:56 GMT" time="17.017" errors="0">
  <testcase name="testIssueDate" time="17.017" classname="script.CheckIssueDate"/>
</testsuite> <!-- script.CheckIssueDate -->
