<?xml version="1.0" encoding="UTF-8"?>
<!-- Generated by org.testng.reporters.JUnitReportReporter -->
<testsuite skipped="0" hostname="ADMIN" name="script.CheckIssueDate" tests="1" failures="0" timestamp="27 Apr 2019 16:07:53 GMT" time="15.534" errors="0">
  <testcase name="testIssueDate" time="15.534" classname="script.CheckIssueDate"/>
</testsuite> <!-- script.CheckIssueDate -->
