<?xml version="1.0" encoding="UTF-8"?>
<!-- Generated by org.testng.reporters.JUnitReportReporter -->
<testsuite skipped="0" hostname="ADMIN" name="script.ValidLogin" tests="1" failures="0" timestamp="27 Apr 2019 16:07:53 GMT" time="13.159" errors="0">
  <testcase name="testValidLogin" time="13.159" classname="script.ValidLogin"/>
</testsuite> <!-- script.ValidLogin -->
